#
# There is insufficient memory for the Java Runtime Environment to continue.
# Native memory allocation (mmap) failed to map 65011712 bytes for G1 virtual space
# Possible reasons:
#   The system is out of physical RAM or swap space
#   The process is running with CompressedOops enabled, and the Java Heap may be blocking the growth of the native heap
# Possible solutions:
#   Reduce memory load on the system
#   Increase physical memory or swap space
#   Check if swap backing store is full
#   Decrease Java heap size (-Xmx/-Xms)
#   Decrease number of Java threads
#   Decrease Java thread stack sizes (-Xss)
#   Set larger code cache with -XX:ReservedCodeCacheSize=
#   JVM is running with Unscaled Compressed Oops mode in which the Java heap is
#     placed in the first 4GB address space. The Java Heap base address is the
#     maximum limit for the native heap growth. Please use -XX:HeapBaseMinAddress
#     to set the Java Heap base and to place the Java Heap above 4GB virtual address.
# This output file may be truncated or incomplete.
#
#  Out of Memory Error (os_windows.cpp:3541), pid=95576, tid=91172
#
# JRE version:  (17.0.4.1+1) (build )
# Java VM: OpenJDK 64-Bit Server VM (17.0.4.1+1, mixed mode, sharing, tiered, compressed oops, compressed class ptrs, g1 gc, windows-amd64)
# No core dump will be written. Minidumps are not enabled by default on client versions of Windows
#

---------------  S U M M A R Y ------------

Command Line: -Dfile.encoding=UTF-8 -XX:+ShowCodeDetailsInExceptionMessages edu.ariane.controleFluxo.FormatadorCepExemplo

Host: Intel(R) Celeron(R) N4020 CPU @ 1.10GHz, 2 cores, 3G,  Windows 11 , 64 bit Build 22621 (10.0.22621.2215)
Time: Mon Oct  9 08:36:40 2023 Hora oficial do Brasil elapsed time: 0.538649 seconds (0d 0h 0m 0s)

---------------  T H R E A D  ---------------

Current thread (0x000001d0751b9e70):  JavaThread "Unknown thread" [_thread_in_vm, id=91172, stack(0x0000003771a00000,0x0000003771b00000)]

Stack: [0x0000003771a00000,0x0000003771b00000]
Native frames: (J=compiled Java code, j=interpreted, Vv=VM code, C=native code)
V  [jvm.dll+0x67731a]
V  [jvm.dll+0x832284]
V  [jvm.dll+0x833a2e]
V  [jvm.dll+0x834093]
V  [jvm.dll+0x245775]
V  [jvm.dll+0x674209]
V  [jvm.dll+0x668a92]
V  [jvm.dll+0x30471b]
V  [jvm.dll+0x30bc66]
V  [jvm.dll+0x35ba9e]
V  [jvm.dll+0x35bccf]
V  [jvm.dll+0x2db5b8]
V  [jvm.dll+0x2dc524]
V  [jvm.dll+0x803db1]
V  [jvm.dll+0x3698f1]
V  [jvm.dll+0x7e31bc]
V  [jvm.dll+0x3ec25f]
V  [jvm.dll+0x3edde1]
C  [jli.dll+0x5277]
C  [ucrtbase.dll+0x29363]
C  [KERNEL32.DLL+0x1257d]
C  [ntdll.dll+0x5aa68]


---------------  P R O C E S S  ---------------

Threads class SMR info:
_java_thread_list=0x00007ff8e3eb4e98, length=0, elements={
}

Java Threads: ( => current thread )

Other Threads:
  0x000001d0751f4a80 GCTaskThread "GC Thread#0" [stack: 0x0000003771b00000,0x0000003771c00000] [id=84820]
  0x000001d0751fd440 ConcurrentGCThread "G1 Main Marker" [stack: 0x0000003771c00000,0x0000003771d00000] [id=94912]
  0x000001d0751fe5f0 ConcurrentGCThread "G1 Conc#0" [stack: 0x0000003771d00000,0x0000003771e00000] [id=63648]

[error occurred during error reporting (printing all threads), id 0xc0000005, EXCEPTION_ACCESS_VIOLATION (0xc0000005) at pc=0x00007ff8e368c047]

VM state: not at safepoint (not fully initialized)

VM Mutex/Monitor currently owned by a thread:  ([mutex/lock_event])
[0x000001d0751b5fb0] Heap_lock - owner thread: 0x000001d0751b9e70

Heap address: 0x00000000c2c00000, size: 980 MB, Compressed Oops mode: 32-bit

CDS archive(s) mapped at: [0x0000000000000000-0x0000000000000000-0x0000000000000000), size 0, SharedBaseAddress: 0x0000000800000000, ArchiveRelocationMode: 0.
Narrow klass base: 0x0000000000000000, Narrow klass shift: 0, Narrow klass range: 0x0

GC Precious Log:
<Empty>

Heap:
 garbage-first heap   total 0K, used 0K [0x00000000c2c00000, 0x0000000100000000)
  region size 1024K, 0 young (0K), 0 survivors (0K)

[error occurred during error reporting (printing heap information), id 0xc0000005, EXCEPTION_ACCESS_VIOLATION (0xc0000005) at pc=0x00007ff8e3a70699]

GC Heap History (0 events):
No events

Deoptimization events (0 events):
No events

Classes unloaded (0 events):
No events

Classes redefined (0 events):
No events

Internal exceptions (0 events):
No events

VM Operations (0 events):
No events

Events (1 events):
Event: 0.288 Loaded shared library C:\Users\arian\.p2\pool\plugins\org.eclipse.justj.openjdk.hotspot.jre.full.win32.x86_64_17.0.4.v20221004-1257\jre\bin\java.dll


Dynamic libraries:
0x00007ff772a40000 - 0x00007ff772a4e000 	C:\Users\arian\.p2\pool\plugins\org.eclipse.justj.openjdk.hotspot.jre.full.win32.x86_64_17.0.4.v20221004-1257\jre\bin\javaw.exe
0x00007ff956710000 - 0x00007ff956924000 	C:\WINDOWS\SYSTEM32\ntdll.dll
0x00007ff955680000 - 0x00007ff955744000 	C:\WINDOWS\System32\KERNEL32.DLL
0x00007ff953ac0000 - 0x00007ff953e64000 	C:\WINDOWS\System32\KERNELBASE.dll
0x00007ff953e70000 - 0x00007ff953f81000 	C:\WINDOWS\System32\ucrtbase.dll
0x00007ff949520000 - 0x00007ff949538000 	C:\Users\arian\.p2\pool\plugins\org.eclipse.justj.openjdk.hotspot.jre.full.win32.x86_64_17.0.4.v20221004-1257\jre\bin\jli.dll
0x00007ff9554d0000 - 0x00007ff95567e000 	C:\WINDOWS\System32\USER32.dll
0x00007ff953f90000 - 0x00007ff953fb6000 	C:\WINDOWS\System32\win32u.dll
0x00007ff955d20000 - 0x00007ff955d49000 	C:\WINDOWS\System32\GDI32.dll
0x00007ff954060000 - 0x00007ff954178000 	C:\WINDOWS\System32\gdi32full.dll
0x00007ff953fc0000 - 0x00007ff95405a000 	C:\WINDOWS\System32\msvcp_win.dll
0x00007ff9494d0000 - 0x00007ff9494e9000 	C:\Users\arian\.p2\pool\plugins\org.eclipse.justj.openjdk.hotspot.jre.full.win32.x86_64_17.0.4.v20221004-1257\jre\bin\VCRUNTIME140.dll
0x00007ff93e720000 - 0x00007ff93e9b3000 	C:\WINDOWS\WinSxS\amd64_microsoft.windows.common-controls_6595b64144ccf1df_6.0.22621.2215_none_270d72677387dfc3\COMCTL32.dll
0x00007ff955d50000 - 0x00007ff955df7000 	C:\WINDOWS\System32\msvcrt.dll
0x00007ff955c60000 - 0x00007ff955c91000 	C:\WINDOWS\System32\IMM32.DLL
0x00007ff9509e0000 - 0x00007ff9509ec000 	C:\Users\arian\.p2\pool\plugins\org.eclipse.justj.openjdk.hotspot.jre.full.win32.x86_64_17.0.4.v20221004-1257\jre\bin\vcruntime140_1.dll
0x00007ff90eaf0000 - 0x00007ff90eb81000 	C:\Users\arian\.p2\pool\plugins\org.eclipse.justj.openjdk.hotspot.jre.full.win32.x86_64_17.0.4.v20221004-1257\jre\bin\msvcp140.dll
0x00007ff8e33a0000 - 0x00007ff8e3fe6000 	C:\Users\arian\.p2\pool\plugins\org.eclipse.justj.openjdk.hotspot.jre.full.win32.x86_64_17.0.4.v20221004-1257\jre\bin\server\jvm.dll
0x00007ff955820000 - 0x00007ff9558d0000 	C:\WINDOWS\System32\ADVAPI32.dll
0x00007ff955770000 - 0x00007ff955816000 	C:\WINDOWS\System32\sechost.dll
0x00007ff9544a0000 - 0x00007ff9545b7000 	C:\WINDOWS\System32\RPCRT4.dll
0x00007ff9554c0000 - 0x00007ff9554c8000 	C:\WINDOWS\System32\PSAPI.DLL
0x00007ff93e220000 - 0x00007ff93e229000 	C:\WINDOWS\SYSTEM32\WSOCK32.dll
0x00007ff955320000 - 0x00007ff955391000 	C:\WINDOWS\System32\WS2_32.dll
0x00007ff94d750000 - 0x00007ff94d784000 	C:\WINDOWS\SYSTEM32\WINMM.dll
0x00007ff93d2a0000 - 0x00007ff93d2aa000 	C:\WINDOWS\SYSTEM32\VERSION.dll
0x00007ff952b10000 - 0x00007ff952b28000 	C:\WINDOWS\SYSTEM32\kernel.appcore.dll
0x00007ff93df10000 - 0x00007ff93df1a000 	C:\Users\arian\.p2\pool\plugins\org.eclipse.justj.openjdk.hotspot.jre.full.win32.x86_64_17.0.4.v20221004-1257\jre\bin\jimage.dll
0x00007ff951540000 - 0x00007ff95176e000 	C:\WINDOWS\SYSTEM32\DBGHELP.DLL
0x00007ff9558d0000 - 0x00007ff955c5a000 	C:\WINDOWS\System32\combase.dll
0x00007ff9545c0000 - 0x00007ff954697000 	C:\WINDOWS\System32\OLEAUT32.dll
0x00007ff92a4e0000 - 0x00007ff92a512000 	C:\WINDOWS\SYSTEM32\dbgcore.DLL
0x00007ff9542b0000 - 0x00007ff95432a000 	C:\WINDOWS\System32\bcryptPrimitives.dll
0x00007ff90f6a0000 - 0x00007ff90f6c5000 	C:\Users\arian\.p2\pool\plugins\org.eclipse.justj.openjdk.hotspot.jre.full.win32.x86_64_17.0.4.v20221004-1257\jre\bin\java.dll

dbghelp: loaded successfully - version: 4.0.5 - missing functions: none
symbol engine: initialized successfully - sym options: 0x614 - pdb path: .;C:\Users\arian\.p2\pool\plugins\org.eclipse.justj.openjdk.hotspot.jre.full.win32.x86_64_17.0.4.v20221004-1257\jre\bin;C:\WINDOWS\SYSTEM32;C:\WINDOWS\WinSxS\amd64_microsoft.windows.common-controls_6595b64144ccf1df_6.0.22621.2215_none_270d72677387dfc3;C:\Users\arian\.p2\pool\plugins\org.eclipse.justj.openjdk.hotspot.jre.full.win32.x86_64_17.0.4.v20221004-1257\jre\bin\server

VM Arguments:
jvm_args: -Dfile.encoding=UTF-8 -XX:+ShowCodeDetailsInExceptionMessages 
java_command: edu.ariane.controleFluxo.FormatadorCepExemplo
java_class_path (initial): C:\Users\arian\OneDrive\Documentos\estudos\Santander\DIO\Java\dio-trilha-java-basico\bin
Launcher Type: SUN_STANDARD

[Global flags]
     intx CICompilerCount                          = 2                                         {product} {ergonomic}
     uint ConcGCThreads                            = 1                                         {product} {ergonomic}
     uint G1ConcRefinementThreads                  = 2                                         {product} {ergonomic}
   size_t G1HeapRegionSize                         = 1048576                                   {product} {ergonomic}
    uintx GCDrainStackTargetSize                   = 64                                        {product} {ergonomic}
   size_t InitialHeapSize                          = 65011712                                  {product} {ergonomic}
   size_t MarkStackSize                            = 4194304                                   {product} {ergonomic}
   size_t MaxHeapSize                              = 1027604480                                {product} {ergonomic}
   size_t MinHeapDeltaBytes                        = 1048576                                   {product} {ergonomic}
   size_t MinHeapSize                              = 8388608                                   {product} {ergonomic}
    uintx NonNMethodCodeHeapSize                   = 5826188                                {pd product} {ergonomic}
    uintx NonProfiledCodeHeapSize                  = 122916026                              {pd product} {ergonomic}
    uintx ProfiledCodeHeapSize                     = 122916026                              {pd product} {ergonomic}
    uintx ReservedCodeCacheSize                    = 251658240                              {pd product} {ergonomic}
     bool SegmentedCodeCache                       = true                                      {product} {ergonomic}
     bool ShowCodeDetailsInExceptionMessages       = true                                   {manageable} {command line}
   size_t SoftMaxHeapSize                          = 1027604480                             {manageable} {ergonomic}
     bool UseCompressedClassPointers               = true                           {product lp64_product} {ergonomic}
     bool UseCompressedOops                        = true                           {product lp64_product} {ergonomic}
     bool UseG1GC                                  = true                                      {product} {ergonomic}
     bool UseLargePagesIndividualAllocation        = false                                  {pd product} {ergonomic}

Logging:
Log output configuration:
 #0: stdout all=warning uptime,level,tags
 #1: stderr all=off uptime,level,tags

Environment Variables:
PATH=C:/Users/arian/.p2/pool/plugins/org.eclipse.justj.openjdk.hotspot.jre.full.win32.x86_64_17.0.4.v20221004-1257/jre/bin/server;C:/Users/arian/.p2/pool/plugins/org.eclipse.justj.openjdk.hotspot.jre.full.win32.x86_64_17.0.4.v20221004-1257/jre/bin;C:\Program Files\Common Files\Oracle\Java\javapath;C:\Windows\system32;C:\Windows;C:\Windows\System32\Wbem;C:\Windows\System32\WindowsPowerShell\v1.0\;C:\Windows\System32\OpenSSH\;C:\Program Files\dotnet\;C:\Program Files\Microsoft SQL Server\Client SDK\ODBC\170\Tools\Binn\;C:\Program Files (x86)\Microsoft SQL Server\150\DTS\Binn\;C:\Program Files\Azure Data Studio\bin;C:\Program Files (x86)\Microsoft SQL Server\150\Tools\Binn\;C:\Program Files\Microsoft SQL Server\150\Tools\Binn\;C:\Program Files\Microsoft SQL Server\150\DTS\Binn\;C:\Program Files\Git\cmd;C:\Program Files\nodejs\;%SystemRoot%\system32;%SystemRoot%;%SystemRoot%\System32\Wbem;%SYSTEMROOT%\System32\WindowsPowerShell\v1.0\;%SYSTEMROOT%\System32\OpenSSH\;C:\Users\arian\AppData\Local\Microsoft\WindowsApps;C:\Users\arian\AppData\Local\Programs\Microsoft VS Code\bin;C:\Users\arian\.dotnet\tools;C:\Program Files\Azure Data Studio\bin;C:\Users\arian\AppData\Local\GitHubDesktop\bin;C:\Users\arian\AppData\Roaming\npm;;C:\Users\arian\OneDrive\Área de Trabalho;
USERNAME=arian
OS=Windows_NT
PROCESSOR_IDENTIFIER=Intel64 Family 6 Model 122 Stepping 8, GenuineIntel
TMP=C:\Users\arian\AppData\Local\Temp
TEMP=C:\Users\arian\AppData\Local\Temp



---------------  S Y S T E M  ---------------

OS:
 Windows 11 , 64 bit Build 22621 (10.0.22621.2215)
OS uptime: 8 days 23:37 hours

CPU: total 2 (initial active 2) (2 cores per cpu, 1 threads per core) family 6 model 122 stepping 8 microcode 0x18, cx8, cmov, fxsr, mmx, 3dnowpref, sse, sse2, sse3, ssse3, sse4.1, sse4.2, popcnt, tsc, tscinvbit, aes, erms, clmul, sha, clflush, clflushopt

Memory: 4k page, system-wide physical 3918M (268M free)
TotalPageFile size 12210M (AvailPageFile size 20M)
current process WorkingSet (physical memory assigned to process): 10M, peak: 10M
current process commit charge ("private bytes"): 47M, peak: 109M

vm_info: OpenJDK 64-Bit Server VM (17.0.4.1+1) for windows-amd64 JRE (17.0.4.1+1), built on Aug 17 2022 07:42:43 by "temurin" with MS VC++ 16.7 (VS2019)

END.
